<?xml version="1.0" encoding="UTF-8"?>
<testng-results ignored="0" total="1" passed="1" failed="0" skipped="0">
  <reporter-output>
  </reporter-output>
  <suite started-at="2022-01-05T17:33:18Z" name="Default suite" finished-at="2022-01-05T17:35:05Z" duration-ms="107007">
    <groups>
    </groups>
    <test started-at="2022-01-05T17:33:18Z" name="Default test" finished-at="2022-01-05T17:35:05Z" duration-ms="107007">
      <class name="com.test.Testing">
        <test-method is-config="true" signature="beforeClass()[pri:0, instance:com.test.Testing@3697186]" started-at="2022-01-05T17:33:18Z" name="beforeClass" finished-at="2022-01-05T17:33:54Z" duration-ms="35760" status="PASS">
          <reporter-output>
          </reporter-output>
        </test-method> <!-- beforeClass -->
        <test-method signature="testingmethod()[pri:0, instance:com.test.Testing@3697186]" started-at="2022-01-05T17:33:54Z" name="testingmethod" finished-at="2022-01-05T17:35:05Z" duration-ms="70896" status="PASS">
          <reporter-output>
          </reporter-output>
        </test-method> <!-- testingmethod -->
        <test-method is-config="true" signature="afterClass()[pri:0, instance:com.test.Testing@3697186]" started-at="2022-01-05T17:35:05Z" name="afterClass" finished-at="2022-01-05T17:35:05Z" duration-ms="318" status="PASS">
          <reporter-output>
          </reporter-output>
        </test-method> <!-- afterClass -->
      </class> <!-- com.test.Testing -->
    </test> <!-- Default test -->
  </suite> <!-- Default suite -->
</testng-results>
